<?xml version="1.0" encoding="UTF-8"?>
<testng-results ignored="0" total="3" passed="2" failed="1" skipped="0">
  <reporter-output>
  </reporter-output>
  <suite started-at="2024-03-26T14:17:30 EDT" name="Default suite" finished-at="2024-03-26T14:17:55 EDT" duration-ms="24476">
    <groups>
    </groups>
    <test started-at="2024-03-26T14:17:30 EDT" name="Default test" finished-at="2024-03-26T14:17:55 EDT" duration-ms="24476">
      <class name="day32.Assertionexercise">
        <test-method is-config="true" signature="initialBrowser()[pri:0, instance:day32.Assertionexercise@2b71e916]" started-at="2024-03-26T14:17:30 EDT" name="initialBrowser" finished-at="2024-03-26T14:17:34 EDT" duration-ms="3459" status="PASS">
          <reporter-output>
          </reporter-output>
        </test-method> <!-- initialBrowser -->
        <test-method signature="Alert()[pri:0, instance:day32.Assertionexercise@2b71e916]" started-at="2024-03-26T14:17:34 EDT" name="Alert" finished-at="2024-03-26T14:17:39 EDT" duration-ms="5437" status="PASS">
          <reporter-output>
          </reporter-output>
        </test-method> <!-- Alert -->
        <test-method is-config="true" signature="teardown()[pri:0, instance:day32.Assertionexercise@2b71e916]" started-at="2024-03-26T14:17:39 EDT" name="teardown" finished-at="2024-03-26T14:17:40 EDT" duration-ms="260" status="PASS">
          <reporter-output>
          </reporter-output>
        </test-method> <!-- teardown -->
        <test-method is-config="true" signature="initialBrowser()[pri:0, instance:day32.Assertionexercise@2b71e916]" started-at="2024-03-26T14:17:40 EDT" name="initialBrowser" finished-at="2024-03-26T14:17:45 EDT" duration-ms="5434" status="PASS">
          <reporter-output>
          </reporter-output>
        </test-method> <!-- initialBrowser -->
        <test-method signature="AlertConfirmation()[pri:0, instance:day32.Assertionexercise@2b71e916]" started-at="2024-03-26T14:17:45 EDT" name="AlertConfirmation" finished-at="2024-03-26T14:17:47 EDT" duration-ms="1909" status="FAIL">
          <exception class="java.lang.AssertionError">
            <message>
              <![CDATA[expected [You Pressed Cancel] but found [You Pressed ok]]]>
            </message>
            <full-stacktrace>
              <![CDATA[java.lang.AssertionError: expected [You Pressed Cancel] but found [You Pressed ok]
at org.testng.Assert.fail(Assert.java:111)
at org.testng.Assert.failNotEquals(Assert.java:1578)
at org.testng.Assert.assertEqualsImpl(Assert.java:150)
at org.testng.Assert.assertEquals(Assert.java:132)
at org.testng.Assert.assertEquals(Assert.java:656)
at org.testng.Assert.assertEquals(Assert.java:666)
at day32.Assertionexercise.AlertConfirmation(Assertionexercise.java:50)
at java.base/jdk.internal.reflect.NativeMethodAccessorImpl.invoke0(Native Method)
at java.base/jdk.internal.reflect.NativeMethodAccessorImpl.invoke(NativeMethodAccessorImpl.java:77)
at java.base/jdk.internal.reflect.DelegatingMethodAccessorImpl.invoke(DelegatingMethodAccessorImpl.java:43)
at java.base/java.lang.reflect.Method.invoke(Method.java:568)
at org.testng.internal.invokers.MethodInvocationHelper.invokeMethod(MethodInvocationHelper.java:139)
at org.testng.internal.invokers.TestInvoker.invokeMethod(TestInvoker.java:664)
at org.testng.internal.invokers.TestInvoker.invokeTestMethod(TestInvoker.java:228)
at org.testng.internal.invokers.MethodRunner.runInSequence(MethodRunner.java:63)
at org.testng.internal.invokers.TestInvoker$MethodInvocationAgent.invoke(TestInvoker.java:961)
at org.testng.internal.invokers.TestInvoker.invokeTestMethods(TestInvoker.java:201)
at org.testng.internal.invokers.TestMethodWorker.invokeTestMethods(TestMethodWorker.java:148)
at org.testng.internal.invokers.TestMethodWorker.run(TestMethodWorker.java:128)
at java.base/java.util.ArrayList.forEach(ArrayList.java:1511)
at org.testng.TestRunner.privateRun(TestRunner.java:819)
at org.testng.TestRunner.run(TestRunner.java:619)
at org.testng.SuiteRunner.runTest(SuiteRunner.java:443)
at org.testng.SuiteRunner.runSequentially(SuiteRunner.java:437)
at org.testng.SuiteRunner.privateRun(SuiteRunner.java:397)
at org.testng.SuiteRunner.run(SuiteRunner.java:336)
at org.testng.SuiteRunnerWorker.runSuite(SuiteRunnerWorker.java:52)
at org.testng.SuiteRunnerWorker.run(SuiteRunnerWorker.java:95)
at org.testng.TestNG.runSuitesSequentially(TestNG.java:1301)
at org.testng.TestNG.runSuitesLocally(TestNG.java:1228)
at org.testng.TestNG.runSuites(TestNG.java:1134)
at org.testng.TestNG.run(TestNG.java:1101)
at org.testng.remote.AbstractRemoteTestNG.run(AbstractRemoteTestNG.java:115)
at org.testng.remote.RemoteTestNG.initAndRun(RemoteTestNG.java:251)
at org.testng.remote.RemoteTestNG.main(RemoteTestNG.java:77)
]]>
            </full-stacktrace>
          </exception> <!-- java.lang.AssertionError -->
          <reporter-output>
          </reporter-output>
        </test-method> <!-- AlertConfirmation -->
        <test-method is-config="true" signature="teardown()[pri:0, instance:day32.Assertionexercise@2b71e916]" started-at="2024-03-26T14:17:47 EDT" name="teardown" finished-at="2024-03-26T14:17:47 EDT" duration-ms="280" status="PASS">
          <reporter-output>
          </reporter-output>
        </test-method> <!-- teardown -->
        <test-method is-config="true" signature="initialBrowser()[pri:0, instance:day32.Assertionexercise@2b71e916]" started-at="2024-03-26T14:17:47 EDT" name="initialBrowser" finished-at="2024-03-26T14:17:52 EDT" duration-ms="4458" status="PASS">
          <reporter-output>
          </reporter-output>
        </test-method> <!-- initialBrowser -->
        <test-method signature="Alertaccepted()[pri:0, instance:day32.Assertionexercise@2b71e916]" started-at="2024-03-26T14:17:52 EDT" name="Alertaccepted" finished-at="2024-03-26T14:17:55 EDT" depends-on-methods="day32.Assertionexercise.Alert" duration-ms="2889" status="PASS">
          <reporter-output>
          </reporter-output>
        </test-method> <!-- Alertaccepted -->
        <test-method is-config="true" signature="teardown()[pri:0, instance:day32.Assertionexercise@2b71e916]" started-at="2024-03-26T14:17:55 EDT" name="teardown" finished-at="2024-03-26T14:17:55 EDT" duration-ms="249" status="PASS">
          <reporter-output>
          </reporter-output>
        </test-method> <!-- teardown -->
      </class> <!-- day32.Assertionexercise -->
    </test> <!-- Default test -->
  </suite> <!-- Default suite -->
</testng-results>
